<?xml version="1.0" encoding="UTF-8"?>
<!-- Generated by org.testng.reporters.JUnitXMLReporter -->
<testsuite ignored="0" hostname="Uthmans-MacBook-Pro.local" failures="0" tests="3" name="All Functionalities" time="36.426" errors="0" timestamp="2022-06-07T00:35:25 CDT">
  <testcase classname="scripts._01_Validate_SignInPageTest" name="validateCarsSignInPage" time="6.996"/>
  <testcase classname="scripts._01_Validate_SignInPageTest" name="validateCarsSignInPageSocialMediaSection" time="7.343"/>
  <testcase classname="scripts._01_Validate_SignInPageTest" name="validateUserCantSignIn" time="7.65"/>
</testsuite> <!-- All Functionalities -->
