<?xml version="1.0" encoding="UTF-8"?>
<testng-results ignored="0" total="3" passed="3" failed="0" skipped="0">
  <reporter-output>
  </reporter-output>
  <suite started-at="2022-06-07T00:34:48 CDT" name="Regression" finished-at="2022-06-07T00:35:25 CDT" duration-ms="36426">
    <groups>
    </groups>
    <test started-at="2022-06-07T00:34:48 CDT" name="All Functionalities" finished-at="2022-06-07T00:35:25 CDT" duration-ms="36426">
      <class name="scripts._01_Validate_SignInPageTest">
        <test-method is-config="true" signature="setup()[pri:0, instance:scripts._01_Validate_SignInPageTest@2641e737]" started-at="2022-06-07T00:34:48 CDT" name="setup" finished-at="2022-06-07T00:34:50 CDT" duration-ms="2048" status="PASS">
          <reporter-output>
          </reporter-output>
        </test-method> <!-- setup -->
        <test-method signature="validateCarsSignInPage()[pri:1, instance:scripts._01_Validate_SignInPageTest@2641e737]" started-at="2022-06-07T00:34:50 CDT" name="validateCarsSignInPage" description="TC1: Validate Cars.com Sign in page form" finished-at="2022-06-07T00:34:57 CDT" duration-ms="6996" status="PASS">
          <reporter-output>
          </reporter-output>
        </test-method> <!-- validateCarsSignInPage -->
        <test-method is-config="true" signature="teardown()[pri:0, instance:scripts._01_Validate_SignInPageTest@2641e737]" started-at="2022-06-07T00:34:57 CDT" name="teardown" finished-at="2022-06-07T00:35:01 CDT" duration-ms="3294" status="PASS">
          <reporter-output>
          </reporter-output>
        </test-method> <!-- teardown -->
        <test-method is-config="true" signature="setup()[pri:0, instance:scripts._01_Validate_SignInPageTest@2641e737]" started-at="2022-06-07T00:35:01 CDT" name="setup" finished-at="2022-06-07T00:35:02 CDT" duration-ms="1182" status="PASS">
          <reporter-output>
          </reporter-output>
        </test-method> <!-- setup -->
        <test-method signature="validateCarsSignInPageSocialMediaSection()[pri:2, instance:scripts._01_Validate_SignInPageTest@2641e737]" started-at="2022-06-07T00:35:02 CDT" name="validateCarsSignInPageSocialMediaSection" description="TC2: Validate Cars.com Sign in page social media section" finished-at="2022-06-07T00:35:09 CDT" duration-ms="7343" status="PASS">
          <reporter-output>
          </reporter-output>
        </test-method> <!-- validateCarsSignInPageSocialMediaSection -->
        <test-method is-config="true" signature="teardown()[pri:0, instance:scripts._01_Validate_SignInPageTest@2641e737]" started-at="2022-06-07T00:35:09 CDT" name="teardown" finished-at="2022-06-07T00:35:12 CDT" duration-ms="3273" status="PASS">
          <reporter-output>
          </reporter-output>
        </test-method> <!-- teardown -->
        <test-method is-config="true" signature="setup()[pri:0, instance:scripts._01_Validate_SignInPageTest@2641e737]" started-at="2022-06-07T00:35:12 CDT" name="setup" finished-at="2022-06-07T00:35:13 CDT" duration-ms="1133" status="PASS">
          <reporter-output>
          </reporter-output>
        </test-method> <!-- setup -->
        <test-method signature="validateUserCantSignIn()[pri:3, instance:scripts._01_Validate_SignInPageTest@2641e737]" started-at="2022-06-07T00:35:13 CDT" name="validateUserCantSignIn" description="TC 3: Validate user cannot sign in to Cars.com with invalid credentials" finished-at="2022-06-07T00:35:21 CDT" duration-ms="7650" status="PASS">
          <reporter-output>
          </reporter-output>
        </test-method> <!-- validateUserCantSignIn -->
        <test-method is-config="true" signature="teardown()[pri:0, instance:scripts._01_Validate_SignInPageTest@2641e737]" started-at="2022-06-07T00:35:21 CDT" name="teardown" finished-at="2022-06-07T00:35:25 CDT" duration-ms="3481" status="PASS">
          <reporter-output>
          </reporter-output>
        </test-method> <!-- teardown -->
      </class> <!-- scripts._01_Validate_SignInPageTest -->
    </test> <!-- All Functionalities -->
  </suite> <!-- Regression -->
</testng-results>
